<?xml version="1.0" encoding="UTF-8"?>
<coverage generated="1544819904868" clover="3.2.0">
  <project timestamp="1544819904868" name="All files">
    <metrics statements="90" coveredstatements="90" conditionals="18" coveredconditionals="18" methods="44" coveredmethods="44" elements="152" coveredelements="152" complexity="0" loc="90" ncloc="90" packages="16" files="32" classes="32">
      <package name="javascript">
        <metrics statements="4" coveredstatements="4" conditionals="0" coveredconditionals="0" methods="0" coveredmethods="0"/>
        <file name="actionTypes.js" path="/Users/michaeljacques/great-reads/app/javascript/actionTypes.js">
          <metrics statements="4" coveredstatements="4" conditionals="0" coveredconditionals="0" methods="0" coveredmethods="0"/>
          <line num="1" count="9" type="stmt"/>
          <line num="2" count="9" type="stmt"/>
          <line num="3" count="9" type="stmt"/>
          <line num="4" count="9" type="stmt"/>
        </file>
      </package>
      <package name="javascript.actions">
        <metrics statements="1" coveredstatements="1" conditionals="0" coveredconditionals="0" methods="1" coveredmethods="1"/>
        <file name="genericAction.js" path="/Users/michaeljacques/great-reads/app/javascript/actions/genericAction.js">
          <metrics statements="1" coveredstatements="1" conditionals="0" coveredconditionals="0" methods="1" coveredmethods="1"/>
          <line num="1" count="7" type="stmt"/>
        </file>
        <file name="userActions.js" path="/Users/michaeljacques/great-reads/app/javascript/actions/userActions.js">
          <metrics statements="0" coveredstatements="0" conditionals="0" coveredconditionals="0" methods="0" coveredmethods="0"/>
        </file>
      </package>
      <package name="javascript.actions.userActions">
        <metrics statements="26" coveredstatements="26" conditionals="4" coveredconditionals="4" methods="12" coveredmethods="12"/>
        <file name="signInAction.js" path="/Users/michaeljacques/great-reads/app/javascript/actions/userActions/signInAction.js">
          <metrics statements="13" coveredstatements="13" conditionals="2" coveredconditionals="2" methods="6" coveredmethods="6"/>
          <line num="5" count="8" type="stmt"/>
          <line num="6" count="2" type="stmt"/>
          <line num="12" count="2" type="stmt"/>
          <line num="15" count="8" type="stmt"/>
          <line num="16" count="1" type="stmt"/>
          <line num="24" count="8" type="stmt"/>
          <line num="25" count="3" type="stmt"/>
          <line num="27" count="3" type="cond" truecount="2" falsecount="0"/>
          <line num="28" count="2" type="stmt"/>
          <line num="30" count="1" type="stmt"/>
          <line num="35" count="3" type="stmt"/>
          <line num="36" count="3" type="stmt"/>
          <line num="38" count="3" type="stmt"/>
        </file>
        <file name="signUpAction.js" path="/Users/michaeljacques/great-reads/app/javascript/actions/userActions/signUpAction.js">
          <metrics statements="13" coveredstatements="13" conditionals="2" coveredconditionals="2" methods="6" coveredmethods="6"/>
          <line num="5" count="8" type="stmt"/>
          <line num="6" count="2" type="stmt"/>
          <line num="12" count="2" type="stmt"/>
          <line num="15" count="8" type="stmt"/>
          <line num="16" count="1" type="stmt"/>
          <line num="24" count="8" type="stmt"/>
          <line num="25" count="3" type="stmt"/>
          <line num="27" count="3" type="cond" truecount="2" falsecount="0"/>
          <line num="28" count="2" type="stmt"/>
          <line num="30" count="1" type="stmt"/>
          <line num="35" count="3" type="stmt"/>
          <line num="36" count="3" type="stmt"/>
          <line num="38" count="3" type="stmt"/>
        </file>
      </package>
      <package name="javascript.api">
        <metrics statements="4" coveredstatements="4" conditionals="0" coveredconditionals="0" methods="4" coveredmethods="4"/>
        <file name="userApi.js" path="/Users/michaeljacques/great-reads/app/javascript/api/userApi.js">
          <metrics statements="4" coveredstatements="4" conditionals="0" coveredconditionals="0" methods="4" coveredmethods="4"/>
          <line num="3" count="4" type="stmt"/>
          <line num="12" count="4" type="stmt"/>
          <line num="15" count="4" type="stmt"/>
          <line num="24" count="4" type="stmt"/>
        </file>
      </package>
      <package name="javascript.components.layout">
        <metrics statements="1" coveredstatements="1" conditionals="0" coveredconditionals="0" methods="1" coveredmethods="1"/>
        <file name="FooterComponent.js" path="/Users/michaeljacques/great-reads/app/javascript/components/layout/FooterComponent.js">
          <metrics statements="1" coveredstatements="1" conditionals="0" coveredconditionals="0" methods="1" coveredmethods="1"/>
          <line num="3" count="5" type="stmt"/>
        </file>
        <file name="HeaderComponent.js" path="/Users/michaeljacques/great-reads/app/javascript/components/layout/HeaderComponent.js">
          <metrics statements="0" coveredstatements="0" conditionals="0" coveredconditionals="0" methods="0" coveredmethods="0"/>
        </file>
        <file name="LayoutComponent.js" path="/Users/michaeljacques/great-reads/app/javascript/components/layout/LayoutComponent.js">
          <metrics statements="0" coveredstatements="0" conditionals="0" coveredconditionals="0" methods="0" coveredmethods="0"/>
        </file>
      </package>
      <package name="javascript.components.layout.HeaderComponent">
        <metrics statements="4" coveredstatements="4" conditionals="2" coveredconditionals="2" methods="2" coveredmethods="2"/>
        <file name="index.js" path="/Users/michaeljacques/great-reads/app/javascript/components/layout/HeaderComponent/index.js">
          <metrics statements="2" coveredstatements="2" conditionals="2" coveredconditionals="2" methods="1" coveredmethods="1"/>
          <line num="5" count="11" type="cond" truecount="2" falsecount="0"/>
          <line num="7" count="11" type="stmt"/>
        </file>
        <file name="mapStateToProps.js" path="/Users/michaeljacques/great-reads/app/javascript/components/layout/HeaderComponent/mapStateToProps.js">
          <metrics statements="2" coveredstatements="2" conditionals="0" coveredconditionals="0" methods="1" coveredmethods="1"/>
          <line num="2" count="11" type="stmt"/>
          <line num="4" count="11" type="stmt"/>
        </file>
      </package>
      <package name="javascript.components.layout.LayoutComponent">
        <metrics statements="1" coveredstatements="1" conditionals="0" coveredconditionals="0" methods="1" coveredmethods="1"/>
        <file name="index.js" path="/Users/michaeljacques/great-reads/app/javascript/components/layout/LayoutComponent/index.js">
          <metrics statements="1" coveredstatements="1" conditionals="0" coveredconditionals="0" methods="1" coveredmethods="1"/>
          <line num="7" count="5" type="stmt"/>
        </file>
      </package>
      <package name="javascript.forms">
        <metrics statements="0" coveredstatements="0" conditionals="0" coveredconditionals="0" methods="0" coveredmethods="0"/>
        <file name="SignInForm.js" path="/Users/michaeljacques/great-reads/app/javascript/forms/SignInForm.js">
          <metrics statements="0" coveredstatements="0" conditionals="0" coveredconditionals="0" methods="0" coveredmethods="0"/>
        </file>
        <file name="SignUpForm.js" path="/Users/michaeljacques/great-reads/app/javascript/forms/SignUpForm.js">
          <metrics statements="0" coveredstatements="0" conditionals="0" coveredconditionals="0" methods="0" coveredmethods="0"/>
        </file>
      </package>
      <package name="javascript.forms.SignInForm">
        <metrics statements="1" coveredstatements="1" conditionals="0" coveredconditionals="0" methods="1" coveredmethods="1"/>
        <file name="Form.js" path="/Users/michaeljacques/great-reads/app/javascript/forms/SignInForm/Form.js">
          <metrics statements="1" coveredstatements="1" conditionals="0" coveredconditionals="0" methods="1" coveredmethods="1"/>
          <line num="5" count="5" type="stmt"/>
        </file>
      </package>
      <package name="javascript.forms.SignUpForm">
        <metrics statements="1" coveredstatements="1" conditionals="0" coveredconditionals="0" methods="1" coveredmethods="1"/>
        <file name="Form.js" path="/Users/michaeljacques/great-reads/app/javascript/forms/SignUpForm/Form.js">
          <metrics statements="1" coveredstatements="1" conditionals="0" coveredconditionals="0" methods="1" coveredmethods="1"/>
          <line num="5" count="5" type="stmt"/>
        </file>
      </package>
      <package name="javascript.pages">
        <metrics statements="1" coveredstatements="1" conditionals="0" coveredconditionals="0" methods="1" coveredmethods="1"/>
        <file name="HomePage.js" path="/Users/michaeljacques/great-reads/app/javascript/pages/HomePage.js">
          <metrics statements="1" coveredstatements="1" conditionals="0" coveredconditionals="0" methods="1" coveredmethods="1"/>
          <line num="3" count="1" type="stmt"/>
        </file>
        <file name="SignInPage.js" path="/Users/michaeljacques/great-reads/app/javascript/pages/SignInPage.js">
          <metrics statements="0" coveredstatements="0" conditionals="0" coveredconditionals="0" methods="0" coveredmethods="0"/>
        </file>
        <file name="SignUpPage.js" path="/Users/michaeljacques/great-reads/app/javascript/pages/SignUpPage.js">
          <metrics statements="0" coveredstatements="0" conditionals="0" coveredconditionals="0" methods="0" coveredmethods="0"/>
        </file>
      </package>
      <package name="javascript.pages.SignInPage">
        <metrics statements="14" coveredstatements="14" conditionals="2" coveredconditionals="2" methods="8" coveredmethods="8"/>
        <file name="SignIn.js" path="/Users/michaeljacques/great-reads/app/javascript/pages/SignInPage/SignIn.js">
          <metrics statements="7" coveredstatements="7" conditionals="2" coveredconditionals="2" methods="3" coveredmethods="3"/>
          <line num="11" count="5" type="stmt"/>
          <line num="12" count="5" type="cond" truecount="2" falsecount="0"/>
          <line num="13" count="1" type="stmt"/>
          <line num="18" count="4" type="stmt"/>
          <line num="21" count="5" type="stmt"/>
          <line num="22" count="5" type="stmt"/>
          <line num="28" count="5" type="stmt"/>
        </file>
        <file name="mapDispatchToProps.js" path="/Users/michaeljacques/great-reads/app/javascript/pages/SignInPage/mapDispatchToProps.js">
          <metrics statements="5" coveredstatements="5" conditionals="0" coveredconditionals="0" methods="4" coveredmethods="4"/>
          <line num="4" count="6" type="stmt"/>
          <line num="5" count="6" type="stmt"/>
          <line num="6" count="1" type="stmt"/>
          <line num="9" count="6" type="stmt"/>
          <line num="10" count="6" type="stmt"/>
        </file>
        <file name="mapStateToProps.js" path="/Users/michaeljacques/great-reads/app/javascript/pages/SignInPage/mapStateToProps.js">
          <metrics statements="2" coveredstatements="2" conditionals="0" coveredconditionals="0" methods="1" coveredmethods="1"/>
          <line num="2" count="6" type="stmt"/>
          <line num="4" count="6" type="stmt"/>
        </file>
      </package>
      <package name="javascript.pages.SignUpPage">
        <metrics statements="12" coveredstatements="12" conditionals="2" coveredconditionals="2" methods="7" coveredmethods="7"/>
        <file name="SignUp.js" path="/Users/michaeljacques/great-reads/app/javascript/pages/SignUpPage/SignUp.js">
          <metrics statements="5" coveredstatements="5" conditionals="2" coveredconditionals="2" methods="2" coveredmethods="2"/>
          <line num="10" count="5" type="stmt"/>
          <line num="11" count="5" type="cond" truecount="2" falsecount="0"/>
          <line num="12" count="1" type="stmt"/>
          <line num="17" count="4" type="stmt"/>
          <line num="20" count="5" type="stmt"/>
        </file>
        <file name="mapDispatchToProps.js" path="/Users/michaeljacques/great-reads/app/javascript/pages/SignUpPage/mapDispatchToProps.js">
          <metrics statements="5" coveredstatements="5" conditionals="0" coveredconditionals="0" methods="4" coveredmethods="4"/>
          <line num="4" count="6" type="stmt"/>
          <line num="5" count="6" type="stmt"/>
          <line num="6" count="1" type="stmt"/>
          <line num="9" count="6" type="stmt"/>
          <line num="10" count="6" type="stmt"/>
        </file>
        <file name="mapStateToProps.js" path="/Users/michaeljacques/great-reads/app/javascript/pages/SignUpPage/mapStateToProps.js">
          <metrics statements="2" coveredstatements="2" conditionals="0" coveredconditionals="0" methods="1" coveredmethods="1"/>
          <line num="2" count="6" type="stmt"/>
          <line num="4" count="6" type="stmt"/>
        </file>
      </package>
      <package name="javascript.reducers">
        <metrics statements="9" coveredstatements="9" conditionals="6" coveredconditionals="6" methods="1" coveredmethods="1"/>
        <file name="userReducer.js" path="/Users/michaeljacques/great-reads/app/javascript/reducers/userReducer.js">
          <metrics statements="9" coveredstatements="9" conditionals="6" coveredconditionals="6" methods="1" coveredmethods="1"/>
          <line num="1" count="1" type="stmt"/>
          <line num="9" count="5" type="cond" truecount="5" falsecount="0"/>
          <line num="11" count="1" type="stmt"/>
          <line num="16" count="1" type="stmt"/>
          <line num="18" count="1" type="stmt"/>
          <line num="27" count="1" type="stmt"/>
          <line num="32" count="1" type="stmt"/>
          <line num="34" count="1" type="stmt"/>
          <line num="44" count="1" type="stmt"/>
        </file>
      </package>
      <package name="javascript.routes.routeConfig">
        <metrics statements="0" coveredstatements="0" conditionals="0" coveredconditionals="0" methods="0" coveredmethods="0"/>
        <file name="homeRouteConfig.js" path="/Users/michaeljacques/great-reads/app/javascript/routes/routeConfig/homeRouteConfig.js">
          <metrics statements="0" coveredstatements="0" conditionals="0" coveredconditionals="0" methods="0" coveredmethods="0"/>
        </file>
        <file name="routeConfig.js" path="/Users/michaeljacques/great-reads/app/javascript/routes/routeConfig/routeConfig.js">
          <metrics statements="0" coveredstatements="0" conditionals="0" coveredconditionals="0" methods="0" coveredmethods="0"/>
        </file>
        <file name="signInRouteConfig.js" path="/Users/michaeljacques/great-reads/app/javascript/routes/routeConfig/signInRouteConfig.js">
          <metrics statements="0" coveredstatements="0" conditionals="0" coveredconditionals="0" methods="0" coveredmethods="0"/>
        </file>
        <file name="signUpRouteConfig.js" path="/Users/michaeljacques/great-reads/app/javascript/routes/routeConfig/signUpRouteConfig.js">
          <metrics statements="0" coveredstatements="0" conditionals="0" coveredconditionals="0" methods="0" coveredmethods="0"/>
        </file>
      </package>
      <package name="javascript.tests">
        <metrics statements="11" coveredstatements="11" conditionals="2" coveredconditionals="2" methods="4" coveredmethods="4"/>
        <file name=".setup.js" path="/Users/michaeljacques/great-reads/app/javascript/tests/.setup.js">
          <metrics statements="2" coveredstatements="2" conditionals="0" coveredconditionals="0" methods="0" coveredmethods="0"/>
          <line num="4" count="19" type="stmt"/>
          <line num="5" count="19" type="stmt"/>
        </file>
        <file name="helpers.jsx" path="/Users/michaeljacques/great-reads/app/javascript/tests/helpers.jsx">
          <metrics statements="9" coveredstatements="9" conditionals="2" coveredconditionals="2" methods="4" coveredmethods="4"/>
          <line num="7" count="7" type="cond" truecount="1" falsecount="0"/>
          <line num="8" count="24" type="stmt"/>
          <line num="9" count="24" type="stmt"/>
          <line num="11" count="24" type="stmt"/>
          <line num="18" count="7" type="cond" truecount="1" falsecount="0"/>
          <line num="20" count="22" type="stmt"/>
          <line num="25" count="22" type="stmt"/>
          <line num="28" count="7" type="stmt"/>
          <line num="31" count="8" type="stmt"/>
        </file>
      </package>
    </metrics>
  </project>
</coverage>
