{"/Users/michaeljacques/great-reads/app/javascript/actionTypes.js": {"path":"/Users/michaeljacques/great-reads/app/javascript/actionTypes.js","statementMap":{"0":{"start":{"line":1,"column":29},"end":{"line":1,"column":44}},"1":{"start":{"line":2,"column":29},"end":{"line":2,"column":44}},"2":{"start":{"line":3,"column":31},"end":{"line":3,"column":48}},"3":{"start":{"line":4,"column":31},"end":{"line":4,"column":48}}},"fnMap":{},"branchMap":{},"s":{"0":9,"1":9,"2":9,"3":9},"f":{},"b":{},"_coverageSchema":"332fd63041d2c1bcb487cc26dd0d5f7d97098a6c","hash":"41eded6c6ddf33bfaeabf8b3b57a507c0301869d"}
,"/Users/michaeljacques/great-reads/app/javascript/actions/genericAction.js": {"path":"/Users/michaeljacques/great-reads/app/javascript/actions/genericAction.js","statementMap":{"0":{"start":{"line":1,"column":35},"end":{"line":1,"column":52}}},"fnMap":{"0":{"name":"(anonymous_0)","decl":{"start":{"line":1,"column":15},"end":{"line":1,"column":16}},"loc":{"start":{"line":1,"column":35},"end":{"line":1,"column":52}},"line":1}},"branchMap":{},"s":{"0":7},"f":{"0":7},"b":{},"_coverageSchema":"332fd63041d2c1bcb487cc26dd0d5f7d97098a6c","hash":"72e743e429f5fab9f292c392d4159eb01db39f7e"}
,"/Users/michaeljacques/great-reads/app/javascript/actions/userActions.js": {"path":"/Users/michaeljacques/great-reads/app/javascript/actions/userActions.js","statementMap":{},"fnMap":{},"branchMap":{},"s":{},"f":{},"b":{},"_coverageSchema":"332fd63041d2c1bcb487cc26dd0d5f7d97098a6c","hash":"f01055b1d3a85cb13b31de0ec554fd35fbe3db2e"}
,"/Users/michaeljacques/great-reads/app/javascript/actions/userActions/signInAction.js": {"path":"/Users/michaeljacques/great-reads/app/javascript/actions/userActions/signInAction.js","statementMap":{"0":{"start":{"line":5,"column":28},"end":{"line":13,"column":1}},"1":{"start":{"line":6,"column":2},"end":{"line":11,"column":4}},"2":{"start":{"line":12,"column":2},"end":{"line":12,"column":19}},"3":{"start":{"line":15,"column":28},"end":{"line":22,"column":1}},"4":{"start":{"line":16,"column":2},"end":{"line":21,"column":4}},"5":{"start":{"line":24,"column":29},"end":{"line":32,"column":1}},"6":{"start":{"line":25,"column":35},"end":{"line":25,"column":43}},"7":{"start":{"line":27,"column":2},"end":{"line":31,"column":3}},"8":{"start":{"line":28,"column":4},"end":{"line":28,"column":49}},"9":{"start":{"line":30,"column":4},"end":{"line":30,"column":41}},"10":{"start":{"line":35,"column":2},"end":{"line":40,"column":3}},"11":{"start":{"line":36,"column":4},"end":{"line":39,"column":8}},"12":{"start":{"line":38,"column":8},"end":{"line":38,"column":58}}},"fnMap":{"0":{"name":"(anonymous_0)","decl":{"start":{"line":5,"column":28},"end":{"line":5,"column":29}},"loc":{"start":{"line":5,"column":57},"end":{"line":13,"column":1}},"line":5},"1":{"name":"(anonymous_1)","decl":{"start":{"line":15,"column":28},"end":{"line":15,"column":29}},"loc":{"start":{"line":15,"column":49},"end":{"line":22,"column":1}},"line":15},"2":{"name":"(anonymous_2)","decl":{"start":{"line":24,"column":29},"end":{"line":24,"column":30}},"loc":{"start":{"line":24,"column":62},"end":{"line":32,"column":1}},"line":24},"3":{"name":"(anonymous_3)","decl":{"start":{"line":34,"column":15},"end":{"line":34,"column":16}},"loc":{"start":{"line":35,"column":2},"end":{"line":40,"column":3}},"line":35},"4":{"name":"(anonymous_4)","decl":{"start":{"line":35,"column":2},"end":{"line":35,"column":3}},"loc":{"start":{"line":36,"column":4},"end":{"line":39,"column":8}},"line":36},"5":{"name":"(anonymous_5)","decl":{"start":{"line":37,"column":12},"end":{"line":37,"column":13}},"loc":{"start":{"line":37,"column":24},"end":{"line":39,"column":7}},"line":37}},"branchMap":{"0":{"loc":{"start":{"line":27,"column":2},"end":{"line":31,"column":3}},"type":"if","locations":[{"start":{"line":27,"column":2},"end":{"line":31,"column":3}},{"start":{"line":27,"column":2},"end":{"line":31,"column":3}}],"line":27}},"s":{"0":8,"1":2,"2":2,"3":8,"4":1,"5":8,"6":3,"7":3,"8":2,"9":1,"10":3,"11":3,"12":3},"f":{"0":2,"1":1,"2":3,"3":3,"4":3,"5":3},"b":{"0":[2,1]},"_coverageSchema":"332fd63041d2c1bcb487cc26dd0d5f7d97098a6c","hash":"33d85cab53ca34e936523539cd3ee551acc2f5c4"}
,"/Users/michaeljacques/great-reads/app/javascript/actions/userActions/signUpAction.js": {"path":"/Users/michaeljacques/great-reads/app/javascript/actions/userActions/signUpAction.js","statementMap":{"0":{"start":{"line":5,"column":28},"end":{"line":13,"column":1}},"1":{"start":{"line":6,"column":2},"end":{"line":11,"column":4}},"2":{"start":{"line":12,"column":2},"end":{"line":12,"column":20}},"3":{"start":{"line":15,"column":28},"end":{"line":22,"column":1}},"4":{"start":{"line":16,"column":2},"end":{"line":21,"column":4}},"5":{"start":{"line":24,"column":29},"end":{"line":32,"column":1}},"6":{"start":{"line":25,"column":35},"end":{"line":25,"column":43}},"7":{"start":{"line":27,"column":2},"end":{"line":31,"column":3}},"8":{"start":{"line":28,"column":4},"end":{"line":28,"column":49}},"9":{"start":{"line":30,"column":4},"end":{"line":30,"column":41}},"10":{"start":{"line":35,"column":2},"end":{"line":40,"column":3}},"11":{"start":{"line":36,"column":4},"end":{"line":39,"column":8}},"12":{"start":{"line":38,"column":8},"end":{"line":38,"column":58}}},"fnMap":{"0":{"name":"(anonymous_0)","decl":{"start":{"line":5,"column":28},"end":{"line":5,"column":29}},"loc":{"start":{"line":5,"column":57},"end":{"line":13,"column":1}},"line":5},"1":{"name":"(anonymous_1)","decl":{"start":{"line":15,"column":28},"end":{"line":15,"column":29}},"loc":{"start":{"line":15,"column":49},"end":{"line":22,"column":1}},"line":15},"2":{"name":"(anonymous_2)","decl":{"start":{"line":24,"column":29},"end":{"line":24,"column":30}},"loc":{"start":{"line":24,"column":62},"end":{"line":32,"column":1}},"line":24},"3":{"name":"(anonymous_3)","decl":{"start":{"line":34,"column":15},"end":{"line":34,"column":16}},"loc":{"start":{"line":35,"column":2},"end":{"line":40,"column":3}},"line":35},"4":{"name":"(anonymous_4)","decl":{"start":{"line":35,"column":2},"end":{"line":35,"column":3}},"loc":{"start":{"line":36,"column":4},"end":{"line":39,"column":8}},"line":36},"5":{"name":"(anonymous_5)","decl":{"start":{"line":37,"column":12},"end":{"line":37,"column":13}},"loc":{"start":{"line":37,"column":24},"end":{"line":39,"column":7}},"line":37}},"branchMap":{"0":{"loc":{"start":{"line":27,"column":2},"end":{"line":31,"column":3}},"type":"if","locations":[{"start":{"line":27,"column":2},"end":{"line":31,"column":3}},{"start":{"line":27,"column":2},"end":{"line":31,"column":3}}],"line":27}},"s":{"0":8,"1":2,"2":2,"3":8,"4":1,"5":8,"6":3,"7":3,"8":2,"9":1,"10":3,"11":3,"12":3},"f":{"0":2,"1":1,"2":3,"3":3,"4":3,"5":3},"b":{"0":[2,1]},"_coverageSchema":"332fd63041d2c1bcb487cc26dd0d5f7d97098a6c","hash":"3a8208ebf6a316b80495500f8868316596912e03"}
,"/Users/michaeljacques/great-reads/app/javascript/api/userApi.js": {"path":"/Users/michaeljacques/great-reads/app/javascript/api/userApi.js","statementMap":{"0":{"start":{"line":3,"column":4},"end":{"line":12,"column":39}},"1":{"start":{"line":12,"column":23},"end":{"line":12,"column":38}},"2":{"start":{"line":15,"column":4},"end":{"line":24,"column":39}},"3":{"start":{"line":24,"column":23},"end":{"line":24,"column":38}}},"fnMap":{"0":{"name":"(anonymous_0)","decl":{"start":{"line":2,"column":10},"end":{"line":2,"column":11}},"loc":{"start":{"line":3,"column":4},"end":{"line":12,"column":39}},"line":3},"1":{"name":"(anonymous_1)","decl":{"start":{"line":12,"column":11},"end":{"line":12,"column":12}},"loc":{"start":{"line":12,"column":23},"end":{"line":12,"column":38}},"line":12},"2":{"name":"(anonymous_2)","decl":{"start":{"line":14,"column":10},"end":{"line":14,"column":11}},"loc":{"start":{"line":15,"column":4},"end":{"line":24,"column":39}},"line":15},"3":{"name":"(anonymous_3)","decl":{"start":{"line":24,"column":11},"end":{"line":24,"column":12}},"loc":{"start":{"line":24,"column":23},"end":{"line":24,"column":38}},"line":24}},"branchMap":{},"s":{"0":4,"1":4,"2":4,"3":4},"f":{"0":4,"1":4,"2":4,"3":4},"b":{},"_coverageSchema":"332fd63041d2c1bcb487cc26dd0d5f7d97098a6c","hash":"65db24b9361b2be2224f8841f9c716df0e740394"}
,"/Users/michaeljacques/great-reads/app/javascript/components/layout/FooterComponent.js": {"path":"/Users/michaeljacques/great-reads/app/javascript/components/layout/FooterComponent.js","statementMap":{"0":{"start":{"line":3,"column":21},"end":{"line":3,"column":47}}},"fnMap":{"0":{"name":"(anonymous_0)","decl":{"start":{"line":3,"column":15},"end":{"line":3,"column":16}},"loc":{"start":{"line":3,"column":21},"end":{"line":3,"column":47}},"line":3}},"branchMap":{},"s":{"0":5},"f":{"0":5},"b":{},"_coverageSchema":"332fd63041d2c1bcb487cc26dd0d5f7d97098a6c","hash":"7e0bea2d0d87e7c4cc81f9d56af6c4b0fdd400cd"}
,"/Users/michaeljacques/great-reads/app/javascript/components/layout/HeaderComponent.js": {"path":"/Users/michaeljacques/great-reads/app/javascript/components/layout/HeaderComponent.js","statementMap":{},"fnMap":{},"branchMap":{},"s":{},"f":{},"b":{},"_coverageSchema":"332fd63041d2c1bcb487cc26dd0d5f7d97098a6c","hash":"10a1ffa2831500cdadd6d2b901050981ed37121b"}
,"/Users/michaeljacques/great-reads/app/javascript/components/layout/LayoutComponent.js": {"path":"/Users/michaeljacques/great-reads/app/javascript/components/layout/LayoutComponent.js","statementMap":{},"fnMap":{},"branchMap":{},"s":{},"f":{},"b":{},"_coverageSchema":"332fd63041d2c1bcb487cc26dd0d5f7d97098a6c","hash":"27f282822bdf10ad95da991f21ab99f10b096775"}
,"/Users/michaeljacques/great-reads/app/javascript/components/layout/HeaderComponent/index.js": {"path":"/Users/michaeljacques/great-reads/app/javascript/components/layout/HeaderComponent/index.js","statementMap":{"0":{"start":{"line":5,"column":15},"end":{"line":5,"column":51}},"1":{"start":{"line":7,"column":2},"end":{"line":11,"column":4}}},"fnMap":{"0":{"name":"(anonymous_0)","decl":{"start":{"line":4,"column":15},"end":{"line":4,"column":16}},"loc":{"start":{"line":4,"column":35},"end":{"line":12,"column":1}},"line":4}},"branchMap":{"0":{"loc":{"start":{"line":5,"column":15},"end":{"line":5,"column":51}},"type":"cond-expr","locations":[{"start":{"line":5,"column":28},"end":{"line":5,"column":38}},{"start":{"line":5,"column":41},"end":{"line":5,"column":51}}],"line":5}},"s":{"0":11,"1":11},"f":{"0":11},"b":{"0":[1,10]},"_coverageSchema":"332fd63041d2c1bcb487cc26dd0d5f7d97098a6c","hash":"92d439e97e450ab5e332c11eff1588d505d0d6e4"}
,"/Users/michaeljacques/great-reads/app/javascript/components/layout/HeaderComponent/mapStateToProps.js": {"path":"/Users/michaeljacques/great-reads/app/javascript/components/layout/HeaderComponent/mapStateToProps.js","statementMap":{"0":{"start":{"line":2,"column":25},"end":{"line":2,"column":29}},"1":{"start":{"line":4,"column":2},"end":{"line":6,"column":4}}},"fnMap":{"0":{"name":"(anonymous_0)","decl":{"start":{"line":1,"column":15},"end":{"line":1,"column":16}},"loc":{"start":{"line":1,"column":29},"end":{"line":7,"column":1}},"line":1}},"branchMap":{},"s":{"0":11,"1":11},"f":{"0":11},"b":{},"_coverageSchema":"332fd63041d2c1bcb487cc26dd0d5f7d97098a6c","hash":"d38eac1769725db6c1765db473f9da6140593709"}
,"/Users/michaeljacques/great-reads/app/javascript/components/layout/LayoutComponent/index.js": {"path":"/Users/michaeljacques/great-reads/app/javascript/components/layout/LayoutComponent/index.js","statementMap":{"0":{"start":{"line":7,"column":2},"end":{"line":11,"column":13}}},"fnMap":{"0":{"name":"(anonymous_0)","decl":{"start":{"line":6,"column":15},"end":{"line":6,"column":16}},"loc":{"start":{"line":7,"column":2},"end":{"line":11,"column":13}},"line":7}},"branchMap":{},"s":{"0":5},"f":{"0":5},"b":{},"_coverageSchema":"332fd63041d2c1bcb487cc26dd0d5f7d97098a6c","hash":"416b1aeebcd7b766a1fb7c3380a33b5f7093af82"}
,"/Users/michaeljacques/great-reads/app/javascript/forms/SignInForm.js": {"path":"/Users/michaeljacques/great-reads/app/javascript/forms/SignInForm.js","statementMap":{},"fnMap":{},"branchMap":{},"s":{},"f":{},"b":{},"_coverageSchema":"332fd63041d2c1bcb487cc26dd0d5f7d97098a6c","hash":"062a8b29add5913d7e27c412be9bbf5828e3afcb"}
,"/Users/michaeljacques/great-reads/app/javascript/forms/SignUpForm.js": {"path":"/Users/michaeljacques/great-reads/app/javascript/forms/SignUpForm.js","statementMap":{},"fnMap":{},"branchMap":{},"s":{},"f":{},"b":{},"_coverageSchema":"332fd63041d2c1bcb487cc26dd0d5f7d97098a6c","hash":"1db1a0d1848d1b24b76d6ce0c2d0b2ea0c5dfe9e"}
,"/Users/michaeljacques/great-reads/app/javascript/forms/SignInForm/Form.js": {"path":"/Users/michaeljacques/great-reads/app/javascript/forms/SignInForm/Form.js","statementMap":{"0":{"start":{"line":5,"column":2},"end":{"line":15,"column":9}}},"fnMap":{"0":{"name":"(anonymous_0)","decl":{"start":{"line":4,"column":15},"end":{"line":4,"column":16}},"loc":{"start":{"line":5,"column":2},"end":{"line":15,"column":9}},"line":5}},"branchMap":{},"s":{"0":5},"f":{"0":5},"b":{},"_coverageSchema":"332fd63041d2c1bcb487cc26dd0d5f7d97098a6c","hash":"99a56f8ce4ad48ab2db39e39ad612cca8247c852"}
,"/Users/michaeljacques/great-reads/app/javascript/forms/SignUpForm/Form.js": {"path":"/Users/michaeljacques/great-reads/app/javascript/forms/SignUpForm/Form.js","statementMap":{"0":{"start":{"line":5,"column":2},"end":{"line":19,"column":9}}},"fnMap":{"0":{"name":"(anonymous_0)","decl":{"start":{"line":4,"column":15},"end":{"line":4,"column":16}},"loc":{"start":{"line":5,"column":2},"end":{"line":19,"column":9}},"line":5}},"branchMap":{},"s":{"0":5},"f":{"0":5},"b":{},"_coverageSchema":"332fd63041d2c1bcb487cc26dd0d5f7d97098a6c","hash":"549627861b89021dd491655420c568736085c586"}
,"/Users/michaeljacques/great-reads/app/javascript/pages/HomePage.js": {"path":"/Users/michaeljacques/great-reads/app/javascript/pages/HomePage.js","statementMap":{"0":{"start":{"line":3,"column":21},"end":{"line":3,"column":36}}},"fnMap":{"0":{"name":"(anonymous_0)","decl":{"start":{"line":3,"column":15},"end":{"line":3,"column":16}},"loc":{"start":{"line":3,"column":21},"end":{"line":3,"column":36}},"line":3}},"branchMap":{},"s":{"0":1},"f":{"0":1},"b":{},"_coverageSchema":"332fd63041d2c1bcb487cc26dd0d5f7d97098a6c","hash":"efa3bbe20c412a86e0c1780c8fb40dd2e721c3e9"}
,"/Users/michaeljacques/great-reads/app/javascript/pages/SignInPage.js": {"path":"/Users/michaeljacques/great-reads/app/javascript/pages/SignInPage.js","statementMap":{},"fnMap":{},"branchMap":{},"s":{},"f":{},"b":{},"_coverageSchema":"332fd63041d2c1bcb487cc26dd0d5f7d97098a6c","hash":"1d4e638b79ec8e339a26917e4904d5840916bde8"}
,"/Users/michaeljacques/great-reads/app/javascript/pages/SignUpPage.js": {"path":"/Users/michaeljacques/great-reads/app/javascript/pages/SignUpPage.js","statementMap":{},"fnMap":{},"branchMap":{},"s":{},"f":{},"b":{},"_coverageSchema":"332fd63041d2c1bcb487cc26dd0d5f7d97098a6c","hash":"6202f23807cd061353c569e1184eab4937d68284"}
,"/Users/michaeljacques/great-reads/app/javascript/pages/SignInPage/SignIn.js": {"path":"/Users/michaeljacques/great-reads/app/javascript/pages/SignInPage/SignIn.js","statementMap":{"0":{"start":{"line":11,"column":29},"end":{"line":19,"column":3}},"1":{"start":{"line":12,"column":4},"end":{"line":16,"column":5}},"2":{"start":{"line":13,"column":6},"end":{"line":15,"column":8}},"3":{"start":{"line":18,"column":4},"end":{"line":18,"column":16}},"4":{"start":{"line":21,"column":23},"end":{"line":26,"column":3}},"5":{"start":{"line":22,"column":4},"end":{"line":25,"column":10}},"6":{"start":{"line":28,"column":2},"end":{"line":37,"column":4}}},"fnMap":{"0":{"name":"(anonymous_0)","decl":{"start":{"line":6,"column":15},"end":{"line":6,"column":16}},"loc":{"start":{"line":10,"column":6},"end":{"line":38,"column":1}},"line":10},"1":{"name":"(anonymous_1)","decl":{"start":{"line":11,"column":29},"end":{"line":11,"column":30}},"loc":{"start":{"line":11,"column":35},"end":{"line":19,"column":3}},"line":11},"2":{"name":"(anonymous_2)","decl":{"start":{"line":21,"column":23},"end":{"line":21,"column":24}},"loc":{"start":{"line":22,"column":4},"end":{"line":25,"column":10}},"line":22}},"branchMap":{"0":{"loc":{"start":{"line":12,"column":4},"end":{"line":16,"column":5}},"type":"if","locations":[{"start":{"line":12,"column":4},"end":{"line":16,"column":5}},{"start":{"line":12,"column":4},"end":{"line":16,"column":5}}],"line":12}},"s":{"0":5,"1":5,"2":1,"3":4,"4":5,"5":5,"6":5},"f":{"0":5,"1":5,"2":5},"b":{"0":[1,4]},"_coverageSchema":"332fd63041d2c1bcb487cc26dd0d5f7d97098a6c","hash":"46e400f8ef770ded22c5ae634abc7b476da16b70"}
,"/Users/michaeljacques/great-reads/app/javascript/pages/SignInPage/mapDispatchToProps.js": {"path":"/Users/michaeljacques/great-reads/app/javascript/pages/SignInPage/mapDispatchToProps.js","statementMap":{"0":{"start":{"line":4,"column":27},"end":{"line":4,"column":38}},"1":{"start":{"line":5,"column":17},"end":{"line":7,"column":3}},"2":{"start":{"line":6,"column":4},"end":{"line":6,"column":41}},"3":{"start":{"line":9,"column":2},"end":{"line":11,"column":4}},"4":{"start":{"line":10,"column":25},"end":{"line":10,"column":54}},"5":{"start":{"line":10,"column":33},"end":{"line":10,"column":54}}},"fnMap":{"0":{"name":"(anonymous_0)","decl":{"start":{"line":3,"column":15},"end":{"line":3,"column":16}},"loc":{"start":{"line":3,"column":27},"end":{"line":12,"column":1}},"line":3},"1":{"name":"(anonymous_1)","decl":{"start":{"line":5,"column":17},"end":{"line":5,"column":18}},"loc":{"start":{"line":6,"column":4},"end":{"line":6,"column":41}},"line":6},"2":{"name":"(anonymous_2)","decl":{"start":{"line":10,"column":14},"end":{"line":10,"column":15}},"loc":{"start":{"line":10,"column":25},"end":{"line":10,"column":54}},"line":10},"3":{"name":"(anonymous_3)","decl":{"start":{"line":10,"column":25},"end":{"line":10,"column":26}},"loc":{"start":{"line":10,"column":33},"end":{"line":10,"column":54}},"line":10}},"branchMap":{},"s":{"0":6,"1":6,"2":1,"3":6,"4":6,"5":1},"f":{"0":6,"1":1,"2":6,"3":1},"b":{},"_coverageSchema":"332fd63041d2c1bcb487cc26dd0d5f7d97098a6c","hash":"7ed1359823e899223ae450c005ce332761bb9366"}
,"/Users/michaeljacques/great-reads/app/javascript/pages/SignInPage/mapStateToProps.js": {"path":"/Users/michaeljacques/great-reads/app/javascript/pages/SignInPage/mapStateToProps.js","statementMap":{"0":{"start":{"line":2,"column":42},"end":{"line":2,"column":47}},"1":{"start":{"line":4,"column":2},"end":{"line":6,"column":4}}},"fnMap":{"0":{"name":"(anonymous_0)","decl":{"start":{"line":1,"column":15},"end":{"line":1,"column":16}},"loc":{"start":{"line":1,"column":24},"end":{"line":7,"column":1}},"line":1}},"branchMap":{},"s":{"0":6,"1":6},"f":{"0":6},"b":{},"_coverageSchema":"332fd63041d2c1bcb487cc26dd0d5f7d97098a6c","hash":"b776d9cb1bca2fcb791614e7bec6797e50287068"}
,"/Users/michaeljacques/great-reads/app/javascript/pages/SignUpPage/SignUp.js": {"path":"/Users/michaeljacques/great-reads/app/javascript/pages/SignUpPage/SignUp.js","statementMap":{"0":{"start":{"line":10,"column":29},"end":{"line":18,"column":3}},"1":{"start":{"line":11,"column":4},"end":{"line":15,"column":5}},"2":{"start":{"line":12,"column":6},"end":{"line":14,"column":8}},"3":{"start":{"line":17,"column":4},"end":{"line":17,"column":16}},"4":{"start":{"line":20,"column":2},"end":{"line":28,"column":4}}},"fnMap":{"0":{"name":"(anonymous_0)","decl":{"start":{"line":5,"column":15},"end":{"line":5,"column":16}},"loc":{"start":{"line":9,"column":6},"end":{"line":29,"column":1}},"line":9},"1":{"name":"(anonymous_1)","decl":{"start":{"line":10,"column":29},"end":{"line":10,"column":30}},"loc":{"start":{"line":10,"column":35},"end":{"line":18,"column":3}},"line":10}},"branchMap":{"0":{"loc":{"start":{"line":11,"column":4},"end":{"line":15,"column":5}},"type":"if","locations":[{"start":{"line":11,"column":4},"end":{"line":15,"column":5}},{"start":{"line":11,"column":4},"end":{"line":15,"column":5}}],"line":11}},"s":{"0":5,"1":5,"2":1,"3":4,"4":5},"f":{"0":5,"1":5},"b":{"0":[1,4]},"_coverageSchema":"332fd63041d2c1bcb487cc26dd0d5f7d97098a6c","hash":"fd1201d0def61eeeac194f338dbf21bcc413f9b2"}
,"/Users/michaeljacques/great-reads/app/javascript/pages/SignUpPage/mapDispatchToProps.js": {"path":"/Users/michaeljacques/great-reads/app/javascript/pages/SignUpPage/mapDispatchToProps.js","statementMap":{"0":{"start":{"line":4,"column":27},"end":{"line":4,"column":38}},"1":{"start":{"line":5,"column":17},"end":{"line":7,"column":3}},"2":{"start":{"line":6,"column":4},"end":{"line":6,"column":41}},"3":{"start":{"line":9,"column":2},"end":{"line":11,"column":4}},"4":{"start":{"line":10,"column":25},"end":{"line":10,"column":54}},"5":{"start":{"line":10,"column":33},"end":{"line":10,"column":54}}},"fnMap":{"0":{"name":"(anonymous_0)","decl":{"start":{"line":3,"column":15},"end":{"line":3,"column":16}},"loc":{"start":{"line":3,"column":27},"end":{"line":12,"column":1}},"line":3},"1":{"name":"(anonymous_1)","decl":{"start":{"line":5,"column":17},"end":{"line":5,"column":18}},"loc":{"start":{"line":6,"column":4},"end":{"line":6,"column":41}},"line":6},"2":{"name":"(anonymous_2)","decl":{"start":{"line":10,"column":14},"end":{"line":10,"column":15}},"loc":{"start":{"line":10,"column":25},"end":{"line":10,"column":54}},"line":10},"3":{"name":"(anonymous_3)","decl":{"start":{"line":10,"column":25},"end":{"line":10,"column":26}},"loc":{"start":{"line":10,"column":33},"end":{"line":10,"column":54}},"line":10}},"branchMap":{},"s":{"0":6,"1":6,"2":1,"3":6,"4":6,"5":1},"f":{"0":6,"1":1,"2":6,"3":1},"b":{},"_coverageSchema":"332fd63041d2c1bcb487cc26dd0d5f7d97098a6c","hash":"e6e489af33df28d97d9d9d0c855d35eedd3fbedb"}
,"/Users/michaeljacques/great-reads/app/javascript/pages/SignUpPage/mapStateToProps.js": {"path":"/Users/michaeljacques/great-reads/app/javascript/pages/SignUpPage/mapStateToProps.js","statementMap":{"0":{"start":{"line":2,"column":43},"end":{"line":2,"column":48}},"1":{"start":{"line":4,"column":2},"end":{"line":6,"column":4}}},"fnMap":{"0":{"name":"(anonymous_0)","decl":{"start":{"line":1,"column":15},"end":{"line":1,"column":16}},"loc":{"start":{"line":1,"column":24},"end":{"line":7,"column":1}},"line":1}},"branchMap":{},"s":{"0":6,"1":6},"f":{"0":6},"b":{},"_coverageSchema":"332fd63041d2c1bcb487cc26dd0d5f7d97098a6c","hash":"35028a93153fd1a2669cad3750977e2d54b33e26"}
,"/Users/michaeljacques/great-reads/app/javascript/reducers/userReducer.js": {"path":"/Users/michaeljacques/great-reads/app/javascript/reducers/userReducer.js","statementMap":{"0":{"start":{"line":1,"column":21},"end":{"line":3,"column":1}},"1":{"start":{"line":9,"column":2},"end":{"line":45,"column":3}},"2":{"start":{"line":11,"column":6},"end":{"line":14,"column":8}},"3":{"start":{"line":16,"column":34},"end":{"line":16,"column":41}},"4":{"start":{"line":18,"column":6},"end":{"line":24,"column":8}},"5":{"start":{"line":27,"column":6},"end":{"line":30,"column":8}},"6":{"start":{"line":32,"column":34},"end":{"line":32,"column":41}},"7":{"start":{"line":34,"column":6},"end":{"line":40,"column":8}},"8":{"start":{"line":44,"column":6},"end":{"line":44,"column":19}}},"fnMap":{"0":{"name":"(anonymous_0)","decl":{"start":{"line":5,"column":15},"end":{"line":5,"column":16}},"loc":{"start":{"line":8,"column":5},"end":{"line":46,"column":1}},"line":8}},"branchMap":{"0":{"loc":{"start":{"line":6,"column":2},"end":{"line":6,"column":22}},"type":"default-arg","locations":[{"start":{"line":6,"column":10},"end":{"line":6,"column":22}}],"line":6},"1":{"loc":{"start":{"line":9,"column":2},"end":{"line":45,"column":3}},"type":"switch","locations":[{"start":{"line":10,"column":4},"end":{"line":14,"column":8}},{"start":{"line":15,"column":4},"end":{"line":25,"column":5}},{"start":{"line":26,"column":4},"end":{"line":30,"column":8}},{"start":{"line":31,"column":4},"end":{"line":41,"column":5}},{"start":{"line":43,"column":4},"end":{"line":44,"column":19}}],"line":9}},"s":{"0":1,"1":5,"2":1,"3":1,"4":1,"5":1,"6":1,"7":1,"8":1},"f":{"0":5},"b":{"0":[1],"1":[1,1,1,1,1]},"_coverageSchema":"332fd63041d2c1bcb487cc26dd0d5f7d97098a6c","hash":"d1264e720ce62551cd33b7d75bd41c3093c66212"}
,"/Users/michaeljacques/great-reads/app/javascript/routes/routeConfig/homeRouteConfig.js": {"path":"/Users/michaeljacques/great-reads/app/javascript/routes/routeConfig/homeRouteConfig.js","statementMap":{},"fnMap":{},"branchMap":{},"s":{},"f":{},"b":{},"_coverageSchema":"332fd63041d2c1bcb487cc26dd0d5f7d97098a6c","hash":"58bcbc7f14d1a94309cc7c15a5ce1fd981d3dac6"}
,"/Users/michaeljacques/great-reads/app/javascript/routes/routeConfig/routeConfig.js": {"path":"/Users/michaeljacques/great-reads/app/javascript/routes/routeConfig/routeConfig.js","statementMap":{},"fnMap":{},"branchMap":{},"s":{},"f":{},"b":{},"_coverageSchema":"332fd63041d2c1bcb487cc26dd0d5f7d97098a6c","hash":"492b68b1c0ddb74221472f28cc209243dae4c653"}
,"/Users/michaeljacques/great-reads/app/javascript/routes/routeConfig/signInRouteConfig.js": {"path":"/Users/michaeljacques/great-reads/app/javascript/routes/routeConfig/signInRouteConfig.js","statementMap":{},"fnMap":{},"branchMap":{},"s":{},"f":{},"b":{},"_coverageSchema":"332fd63041d2c1bcb487cc26dd0d5f7d97098a6c","hash":"44b1a5f432e16da60e328057cbd4c8427884dd5a"}
,"/Users/michaeljacques/great-reads/app/javascript/routes/routeConfig/signUpRouteConfig.js": {"path":"/Users/michaeljacques/great-reads/app/javascript/routes/routeConfig/signUpRouteConfig.js","statementMap":{},"fnMap":{},"branchMap":{},"s":{},"f":{},"b":{},"_coverageSchema":"332fd63041d2c1bcb487cc26dd0d5f7d97098a6c","hash":"c7c7d2453698da1345898948cce77e7ba53a028f"}
,"/Users/michaeljacques/great-reads/app/javascript/tests/.setup.js": {"path":"/Users/michaeljacques/great-reads/app/javascript/tests/.setup.js","statementMap":{"0":{"start":{"line":4,"column":0},"end":{"line":4,"column":38}},"1":{"start":{"line":5,"column":0},"end":{"line":5,"column":41}}},"fnMap":{},"branchMap":{},"s":{"0":19,"1":19},"f":{},"b":{},"_coverageSchema":"332fd63041d2c1bcb487cc26dd0d5f7d97098a6c","hash":"ec19ac44d3726188abe89094339909aa597b1611"}
,"/Users/michaeljacques/great-reads/app/javascript/tests/helpers.jsx": {"path":"/Users/michaeljacques/great-reads/app/javascript/tests/helpers.jsx","statementMap":{"0":{"start":{"line":7,"column":23},"end":{"line":16,"column":1}},"1":{"start":{"line":8,"column":20},"end":{"line":8,"column":36}},"2":{"start":{"line":9,"column":16},"end":{"line":9,"column":32}},"3":{"start":{"line":11,"column":2},"end":{"line":15,"column":4}},"4":{"start":{"line":18,"column":24},"end":{"line":26,"column":1}},"5":{"start":{"line":20,"column":4},"end":{"line":22,"column":13}},"6":{"start":{"line":25,"column":2},"end":{"line":25,"column":49}},"7":{"start":{"line":28,"column":30},"end":{"line":31,"column":55}},"8":{"start":{"line":31,"column":5},"end":{"line":31,"column":55}},"9":{"start":{"line":31,"column":33},"end":{"line":31,"column":54}}},"fnMap":{"0":{"name":"(anonymous_0)","decl":{"start":{"line":7,"column":23},"end":{"line":7,"column":24}},"loc":{"start":{"line":7,"column":50},"end":{"line":16,"column":1}},"line":7},"1":{"name":"(anonymous_1)","decl":{"start":{"line":18,"column":24},"end":{"line":18,"column":25}},"loc":{"start":{"line":18,"column":51},"end":{"line":26,"column":1}},"line":18},"2":{"name":"(anonymous_2)","decl":{"start":{"line":28,"column":30},"end":{"line":28,"column":31}},"loc":{"start":{"line":31,"column":5},"end":{"line":31,"column":55}},"line":31},"3":{"name":"(anonymous_3)","decl":{"start":{"line":31,"column":16},"end":{"line":31,"column":17}},"loc":{"start":{"line":31,"column":33},"end":{"line":31,"column":54}},"line":31}},"branchMap":{"0":{"loc":{"start":{"line":7,"column":35},"end":{"line":7,"column":45}},"type":"default-arg","locations":[{"start":{"line":7,"column":43},"end":{"line":7,"column":45}}],"line":7},"1":{"loc":{"start":{"line":18,"column":36},"end":{"line":18,"column":46}},"type":"default-arg","locations":[{"start":{"line":18,"column":44},"end":{"line":18,"column":46}}],"line":18}},"s":{"0":7,"1":24,"2":24,"3":24,"4":7,"5":22,"6":22,"7":7,"8":4,"9":8},"f":{"0":24,"1":22,"2":4,"3":8},"b":{"0":[2],"1":[1]},"_coverageSchema":"332fd63041d2c1bcb487cc26dd0d5f7d97098a6c","hash":"b661504830cef55caae084fd3e810ebf874a1c07"}
}
