TN:
SF:/Users/michaeljacques/great-reads/app/javascript/actionTypes.js
FNF:0
FNH:0
DA:1,9
DA:2,9
DA:3,9
DA:4,9
LF:4
LH:4
BRF:0
BRH:0
end_of_record
TN:
SF:/Users/michaeljacques/great-reads/app/javascript/actions/genericAction.js
FN:1,(anonymous_0)
FNF:1
FNH:1
FNDA:7,(anonymous_0)
DA:1,7
LF:1
LH:1
BRF:0
BRH:0
end_of_record
TN:
SF:/Users/michaeljacques/great-reads/app/javascript/actions/userActions.js
FNF:0
FNH:0
LF:0
LH:0
BRF:0
BRH:0
end_of_record
TN:
SF:/Users/michaeljacques/great-reads/app/javascript/actions/userActions/signInAction.js
FN:5,(anonymous_0)
FN:15,(anonymous_1)
FN:24,(anonymous_2)
FN:34,(anonymous_3)
FN:35,(anonymous_4)
FN:37,(anonymous_5)
FNF:6
FNH:6
FNDA:2,(anonymous_0)
FNDA:1,(anonymous_1)
FNDA:3,(anonymous_2)
FNDA:3,(anonymous_3)
FNDA:3,(anonymous_4)
FNDA:3,(anonymous_5)
DA:5,8
DA:6,2
DA:12,2
DA:15,8
DA:16,1
DA:24,8
DA:25,3
DA:27,3
DA:28,2
DA:30,1
DA:35,3
DA:36,3
DA:38,3
LF:13
LH:13
BRDA:27,0,0,2
BRDA:27,0,1,1
BRF:2
BRH:2
end_of_record
TN:
SF:/Users/michaeljacques/great-reads/app/javascript/actions/userActions/signUpAction.js
FN:5,(anonymous_0)
FN:15,(anonymous_1)
FN:24,(anonymous_2)
FN:34,(anonymous_3)
FN:35,(anonymous_4)
FN:37,(anonymous_5)
FNF:6
FNH:6
FNDA:2,(anonymous_0)
FNDA:1,(anonymous_1)
FNDA:3,(anonymous_2)
FNDA:3,(anonymous_3)
FNDA:3,(anonymous_4)
FNDA:3,(anonymous_5)
DA:5,8
DA:6,2
DA:12,2
DA:15,8
DA:16,1
DA:24,8
DA:25,3
DA:27,3
DA:28,2
DA:30,1
DA:35,3
DA:36,3
DA:38,3
LF:13
LH:13
BRDA:27,0,0,2
BRDA:27,0,1,1
BRF:2
BRH:2
end_of_record
TN:
SF:/Users/michaeljacques/great-reads/app/javascript/api/userApi.js
FN:2,(anonymous_0)
FN:12,(anonymous_1)
FN:14,(anonymous_2)
FN:24,(anonymous_3)
FNF:4
FNH:4
FNDA:4,(anonymous_0)
FNDA:4,(anonymous_1)
FNDA:4,(anonymous_2)
FNDA:4,(anonymous_3)
DA:3,4
DA:12,4
DA:15,4
DA:24,4
LF:4
LH:4
BRF:0
BRH:0
end_of_record
TN:
SF:/Users/michaeljacques/great-reads/app/javascript/components/layout/FooterComponent.js
FN:3,(anonymous_0)
FNF:1
FNH:1
FNDA:5,(anonymous_0)
DA:3,5
LF:1
LH:1
BRF:0
BRH:0
end_of_record
TN:
SF:/Users/michaeljacques/great-reads/app/javascript/components/layout/HeaderComponent.js
FNF:0
FNH:0
LF:0
LH:0
BRF:0
BRH:0
end_of_record
TN:
SF:/Users/michaeljacques/great-reads/app/javascript/components/layout/LayoutComponent.js
FNF:0
FNH:0
LF:0
LH:0
BRF:0
BRH:0
end_of_record
TN:
SF:/Users/michaeljacques/great-reads/app/javascript/components/layout/HeaderComponent/index.js
FN:4,(anonymous_0)
FNF:1
FNH:1
FNDA:11,(anonymous_0)
DA:5,11
DA:7,11
LF:2
LH:2
BRDA:5,0,0,1
BRDA:5,0,1,10
BRF:2
BRH:2
end_of_record
TN:
SF:/Users/michaeljacques/great-reads/app/javascript/components/layout/HeaderComponent/mapStateToProps.js
FN:1,(anonymous_0)
FNF:1
FNH:1
FNDA:11,(anonymous_0)
DA:2,11
DA:4,11
LF:2
LH:2
BRF:0
BRH:0
end_of_record
TN:
SF:/Users/michaeljacques/great-reads/app/javascript/components/layout/LayoutComponent/index.js
FN:6,(anonymous_0)
FNF:1
FNH:1
FNDA:5,(anonymous_0)
DA:7,5
LF:1
LH:1
BRF:0
BRH:0
end_of_record
TN:
SF:/Users/michaeljacques/great-reads/app/javascript/forms/SignInForm.js
FNF:0
FNH:0
LF:0
LH:0
BRF:0
BRH:0
end_of_record
TN:
SF:/Users/michaeljacques/great-reads/app/javascript/forms/SignUpForm.js
FNF:0
FNH:0
LF:0
LH:0
BRF:0
BRH:0
end_of_record
TN:
SF:/Users/michaeljacques/great-reads/app/javascript/forms/SignInForm/Form.js
FN:4,(anonymous_0)
FNF:1
FNH:1
FNDA:5,(anonymous_0)
DA:5,5
LF:1
LH:1
BRF:0
BRH:0
end_of_record
TN:
SF:/Users/michaeljacques/great-reads/app/javascript/forms/SignUpForm/Form.js
FN:4,(anonymous_0)
FNF:1
FNH:1
FNDA:5,(anonymous_0)
DA:5,5
LF:1
LH:1
BRF:0
BRH:0
end_of_record
TN:
SF:/Users/michaeljacques/great-reads/app/javascript/pages/HomePage.js
FN:3,(anonymous_0)
FNF:1
FNH:1
FNDA:1,(anonymous_0)
DA:3,1
LF:1
LH:1
BRF:0
BRH:0
end_of_record
TN:
SF:/Users/michaeljacques/great-reads/app/javascript/pages/SignInPage.js
FNF:0
FNH:0
LF:0
LH:0
BRF:0
BRH:0
end_of_record
TN:
SF:/Users/michaeljacques/great-reads/app/javascript/pages/SignUpPage.js
FNF:0
FNH:0
LF:0
LH:0
BRF:0
BRH:0
end_of_record
TN:
SF:/Users/michaeljacques/great-reads/app/javascript/pages/SignInPage/SignIn.js
FN:6,(anonymous_0)
FN:11,(anonymous_1)
FN:21,(anonymous_2)
FNF:3
FNH:3
FNDA:5,(anonymous_0)
FNDA:5,(anonymous_1)
FNDA:5,(anonymous_2)
DA:11,5
DA:12,5
DA:13,1
DA:18,4
DA:21,5
DA:22,5
DA:28,5
LF:7
LH:7
BRDA:12,0,0,1
BRDA:12,0,1,4
BRF:2
BRH:2
end_of_record
TN:
SF:/Users/michaeljacques/great-reads/app/javascript/pages/SignInPage/mapDispatchToProps.js
FN:3,(anonymous_0)
FN:5,(anonymous_1)
FN:10,(anonymous_2)
FN:10,(anonymous_3)
FNF:4
FNH:4
FNDA:6,(anonymous_0)
FNDA:1,(anonymous_1)
FNDA:6,(anonymous_2)
FNDA:1,(anonymous_3)
DA:4,6
DA:5,6
DA:6,1
DA:9,6
DA:10,6
LF:5
LH:5
BRF:0
BRH:0
end_of_record
TN:
SF:/Users/michaeljacques/great-reads/app/javascript/pages/SignInPage/mapStateToProps.js
FN:1,(anonymous_0)
FNF:1
FNH:1
FNDA:6,(anonymous_0)
DA:2,6
DA:4,6
LF:2
LH:2
BRF:0
BRH:0
end_of_record
TN:
SF:/Users/michaeljacques/great-reads/app/javascript/pages/SignUpPage/SignUp.js
FN:5,(anonymous_0)
FN:10,(anonymous_1)
FNF:2
FNH:2
FNDA:5,(anonymous_0)
FNDA:5,(anonymous_1)
DA:10,5
DA:11,5
DA:12,1
DA:17,4
DA:20,5
LF:5
LH:5
BRDA:11,0,0,1
BRDA:11,0,1,4
BRF:2
BRH:2
end_of_record
TN:
SF:/Users/michaeljacques/great-reads/app/javascript/pages/SignUpPage/mapDispatchToProps.js
FN:3,(anonymous_0)
FN:5,(anonymous_1)
FN:10,(anonymous_2)
FN:10,(anonymous_3)
FNF:4
FNH:4
FNDA:6,(anonymous_0)
FNDA:1,(anonymous_1)
FNDA:6,(anonymous_2)
FNDA:1,(anonymous_3)
DA:4,6
DA:5,6
DA:6,1
DA:9,6
DA:10,6
LF:5
LH:5
BRF:0
BRH:0
end_of_record
TN:
SF:/Users/michaeljacques/great-reads/app/javascript/pages/SignUpPage/mapStateToProps.js
FN:1,(anonymous_0)
FNF:1
FNH:1
FNDA:6,(anonymous_0)
DA:2,6
DA:4,6
LF:2
LH:2
BRF:0
BRH:0
end_of_record
TN:
SF:/Users/michaeljacques/great-reads/app/javascript/reducers/userReducer.js
FN:5,(anonymous_0)
FNF:1
FNH:1
FNDA:5,(anonymous_0)
DA:1,1
DA:9,5
DA:11,1
DA:16,1
DA:18,1
DA:27,1
DA:32,1
DA:34,1
DA:44,1
LF:9
LH:9
BRDA:6,0,0,1
BRDA:9,1,0,1
BRDA:9,1,1,1
BRDA:9,1,2,1
BRDA:9,1,3,1
BRDA:9,1,4,1
BRF:6
BRH:6
end_of_record
TN:
SF:/Users/michaeljacques/great-reads/app/javascript/routes/routeConfig/homeRouteConfig.js
FNF:0
FNH:0
LF:0
LH:0
BRF:0
BRH:0
end_of_record
TN:
SF:/Users/michaeljacques/great-reads/app/javascript/routes/routeConfig/routeConfig.js
FNF:0
FNH:0
LF:0
LH:0
BRF:0
BRH:0
end_of_record
TN:
SF:/Users/michaeljacques/great-reads/app/javascript/routes/routeConfig/signInRouteConfig.js
FNF:0
FNH:0
LF:0
LH:0
BRF:0
BRH:0
end_of_record
TN:
SF:/Users/michaeljacques/great-reads/app/javascript/routes/routeConfig/signUpRouteConfig.js
FNF:0
FNH:0
LF:0
LH:0
BRF:0
BRH:0
end_of_record
TN:
SF:/Users/michaeljacques/great-reads/app/javascript/tests/.setup.js
FNF:0
FNH:0
DA:4,19
DA:5,19
LF:2
LH:2
BRF:0
BRH:0
end_of_record
TN:
SF:/Users/michaeljacques/great-reads/app/javascript/tests/helpers.jsx
FN:7,(anonymous_0)
FN:18,(anonymous_1)
FN:28,(anonymous_2)
FN:31,(anonymous_3)
FNF:4
FNH:4
FNDA:24,(anonymous_0)
FNDA:22,(anonymous_1)
FNDA:4,(anonymous_2)
FNDA:8,(anonymous_3)
DA:7,7
DA:8,24
DA:9,24
DA:11,24
DA:18,7
DA:20,22
DA:25,22
DA:28,7
DA:31,8
LF:9
LH:9
BRDA:7,0,0,2
BRDA:18,1,0,1
BRF:2
BRH:2
end_of_record
